----------

Tue Sep 06 2022 17:45:45 GMT+0300 (Osteuropäische Sommerzeit)

warning: LF will be replaced by CRLF in index.html.
The file will have its original line endings in your working directory


----------

Tue Sep 06 2022 17:45:45 GMT+0300 (Osteuropäische Sommerzeit)

warning: LF will be replaced by CRLF in assets/bootstrap/css/bootstrap.min.css.
The file will have its original line endings in your working directory


----------

Tue Sep 06 2022 17:45:45 GMT+0300 (Osteuropäische Sommerzeit)

warning: LF will be replaced by CRLF in assets/bootstrap/js/bootstrap.min.js.
The file will have its original line endings in your working directory


----------

Tue Sep 06 2022 17:45:45 GMT+0300 (Osteuropäische Sommerzeit)

warning: LF will be replaced by CRLF in assets/fonts/font-awesome.min.css.
The file will have its original line endings in your working directory


----------

Tue Sep 06 2022 17:45:45 GMT+0300 (Osteuropäische Sommerzeit)

warning: LF will be replaced by CRLF in assets/fonts/fontawesome-webfont.svg.
The file will have its original line endings in your working directory


----------

Tue Sep 06 2022 17:45:45 GMT+0300 (Osteuropäische Sommerzeit)

warning: LF will be replaced by CRLF in assets/js/freelancer.js.
The file will have its original line endings in your working directory


----------

Tue Sep 06 2022 17:45:47 GMT+0300 (Osteuropäische Sommerzeit)

To https://github.com/Nonobisha/razguljajev.github.io.git
 ! [rejected]        main -> main (fetch first)
error: failed to push some refs to 'https://github.com/Nonobisha/razguljajev.github.io.git'


----------

Tue Sep 06 2022 17:45:47 GMT+0300 (Osteuropäische Sommerzeit)

hint: Updates were rejected because the remote contains work that you do
hint: not have locally. This is usually caused by another repository pushing
hint: to the same ref. You may want to first integrate the remote changes
hint: (e.g., 'git pull ...') before pushing again.
hint: See the 'Note about fast-forwards' in 'git push --help' for details.


